INFO  - 2018-04-08 15:13:38.209; org.springframework.web.context.ContextLoader; Root WebApplicationContext: initialization started
INFO  - 2018-04-08 15:13:38.320; org.springframework.context.support.AbstractApplicationContext; Refreshing Root WebApplicationContext: startup date [Sun Apr 08 15:13:38 CST 2018]; root of context hierarchy
INFO  - 2018-04-08 15:13:38.474; org.springframework.web.context.ContextLoader; Root WebApplicationContext: initialization completed in 260 ms
INFO  - 2018-04-08 15:13:38.638; org.springframework.web.servlet.FrameworkServlet; FrameworkServlet 'store-manage': initialization started
INFO  - 2018-04-08 15:13:38.645; org.springframework.context.support.AbstractApplicationContext; Refreshing WebApplicationContext for namespace 'store-manage-servlet': startup date [Sun Apr 08 15:13:38 CST 2018]; parent: Root WebApplicationContext
INFO  - 2018-04-08 15:13:38.647; org.springframework.beans.factory.xml.XmlBeanDefinitionReader; Loading XML bean definitions from class path resource [spring/springmvc.xml]
INFO  - 2018-04-08 15:13:39.678; org.springframework.beans.factory.annotation.AutowiredAnnotationBeanPostProcessor; JSR-330 'javax.inject.Inject' annotation found and supported for autowiring
INFO  - 2018-04-08 15:13:40.175; org.springframework.web.servlet.handler.AbstractHandlerMethodMapping$MappingRegistry; Mapped "{[/{page}]}" onto public java.lang.String org.rainbow.controller.CommonController.page2jsp(java.lang.String)
INFO  - 2018-04-08 15:13:40.178; org.springframework.web.servlet.handler.AbstractHandlerMethodMapping$MappingRegistry; Mapped "{[/]}" onto public java.lang.String org.rainbow.controller.CommonController.showIndex()
INFO  - 2018-04-08 15:13:40.180; org.springframework.web.servlet.handler.AbstractHandlerMethodMapping$MappingRegistry; Mapped "{[/upload/pic],produces=[text/plain;charset=utf-8]}" onto public java.lang.String org.rainbow.controller.UploadController.uploadFile(org.springframework.web.multipart.MultipartFile)
INFO  - 2018-04-08 15:13:40.678; org.springframework.web.servlet.mvc.method.annotation.RequestMappingHandlerAdapter; Looking for @ControllerAdvice: WebApplicationContext for namespace 'store-manage-servlet': startup date [Sun Apr 08 15:13:38 CST 2018]; parent: Root WebApplicationContext
INFO  - 2018-04-08 15:13:40.803; org.springframework.web.servlet.mvc.method.annotation.RequestMappingHandlerAdapter; Looking for @ControllerAdvice: WebApplicationContext for namespace 'store-manage-servlet': startup date [Sun Apr 08 15:13:38 CST 2018]; parent: Root WebApplicationContext
INFO  - 2018-04-08 15:13:41.038; org.springframework.web.servlet.handler.AbstractUrlHandlerMapping; Mapped URL path [/css/**] onto handler 'org.springframework.web.servlet.resource.ResourceHttpRequestHandler#0'
INFO  - 2018-04-08 15:13:41.051; org.springframework.web.servlet.handler.AbstractUrlHandlerMapping; Mapped URL path [/js/**] onto handler 'org.springframework.web.servlet.resource.ResourceHttpRequestHandler#1'
INFO  - 2018-04-08 15:13:41.161; org.springframework.web.servlet.FrameworkServlet; FrameworkServlet 'store-manage': initialization completed in 2523 ms
INFO  - 2018-04-08 15:15:03.184; org.springframework.web.context.ContextLoader; Root WebApplicationContext: initialization started
INFO  - 2018-04-08 15:15:03.307; org.springframework.context.support.AbstractApplicationContext; Refreshing Root WebApplicationContext: startup date [Sun Apr 08 15:15:03 CST 2018]; root of context hierarchy
INFO  - 2018-04-08 15:15:03.505; org.springframework.web.context.ContextLoader; Root WebApplicationContext: initialization completed in 316 ms
INFO  - 2018-04-08 15:15:03.624; org.springframework.web.servlet.FrameworkServlet; FrameworkServlet 'store-manage': initialization started
INFO  - 2018-04-08 15:15:03.631; org.springframework.context.support.AbstractApplicationContext; Refreshing WebApplicationContext for namespace 'store-manage-servlet': startup date [Sun Apr 08 15:15:03 CST 2018]; parent: Root WebApplicationContext
INFO  - 2018-04-08 15:15:03.634; org.springframework.beans.factory.xml.XmlBeanDefinitionReader; Loading XML bean definitions from class path resource [spring/springmvc.xml]
INFO  - 2018-04-08 15:15:04.887; org.springframework.beans.factory.annotation.AutowiredAnnotationBeanPostProcessor; JSR-330 'javax.inject.Inject' annotation found and supported for autowiring
INFO  - 2018-04-08 15:15:05.614; org.springframework.web.servlet.handler.AbstractHandlerMethodMapping$MappingRegistry; Mapped "{[/{page}]}" onto public java.lang.String org.rainbow.controller.CommonController.page2jsp(java.lang.String)
INFO  - 2018-04-08 15:15:05.618; org.springframework.web.servlet.handler.AbstractHandlerMethodMapping$MappingRegistry; Mapped "{[/]}" onto public java.lang.String org.rainbow.controller.CommonController.showIndex()
INFO  - 2018-04-08 15:15:05.625; org.springframework.web.servlet.handler.AbstractHandlerMethodMapping$MappingRegistry; Mapped "{[/upload/pic],produces=[text/plain;charset=utf-8]}" onto public java.lang.String org.rainbow.controller.UploadController.uploadFile(org.springframework.web.multipart.MultipartFile)
INFO  - 2018-04-08 15:15:06.090; org.springframework.web.servlet.mvc.method.annotation.RequestMappingHandlerAdapter; Looking for @ControllerAdvice: WebApplicationContext for namespace 'store-manage-servlet': startup date [Sun Apr 08 15:15:03 CST 2018]; parent: Root WebApplicationContext
INFO  - 2018-04-08 15:15:06.193; org.springframework.web.servlet.mvc.method.annotation.RequestMappingHandlerAdapter; Looking for @ControllerAdvice: WebApplicationContext for namespace 'store-manage-servlet': startup date [Sun Apr 08 15:15:03 CST 2018]; parent: Root WebApplicationContext
INFO  - 2018-04-08 15:15:06.522; org.springframework.web.servlet.handler.AbstractUrlHandlerMapping; Mapped URL path [/css/**] onto handler 'org.springframework.web.servlet.resource.ResourceHttpRequestHandler#0'
INFO  - 2018-04-08 15:15:06.529; org.springframework.web.servlet.handler.AbstractUrlHandlerMapping; Mapped URL path [/js/**] onto handler 'org.springframework.web.servlet.resource.ResourceHttpRequestHandler#1'
INFO  - 2018-04-08 15:15:06.636; org.springframework.web.servlet.FrameworkServlet; FrameworkServlet 'store-manage': initialization completed in 3012 ms
